18-08-15 11:16:03:Exception at file[/swoole/App/Socket/Controller/WebSocket/Game.php] line[55] message:[syntax error, unexpected ':', expecting ']']
18-08-15 11:16:36:Exception at file[/swoole/App/Socket/Controller/WebSocket/Game.php] line[53] message:[Class 'App\Socket\Controller\WebSocket\rm' not found]
18-08-15 11:17:35:Error at file[/swoole/vendor/jeremeamia/SuperClosure/src/SerializableClosure.php(210) : eval()'d code] line[2] message:[Invalid argument supplied for foreach()]
18-08-15 11:17:41:Error at file[/swoole/vendor/jeremeamia/SuperClosure/src/SerializableClosure.php(210) : eval()'d code] line[2] message:[Invalid argument supplied for foreach()]
18-08-15 11:18:14:Error at file[/swoole/vendor/jeremeamia/SuperClosure/src/SerializableClosure.php(210) : eval()'d code] line[2] message:[Invalid argument supplied for foreach()]
18-08-15 11:21:59:Error at file[/swoole/vendor/jeremeamia/SuperClosure/src/SerializableClosure.php(210) : eval()'d code] line[2] message:[Invalid argument supplied for foreach()]
18-08-15 14:12:41:Error at file[/swoole/App/Socket/Logic/Room.php] line[50] message:[Uncaught TypeError: Argument 2 passed to App\Socket\Logic\Room::setUserFdList() must be of the type array, null given, called in /swoole/App/Socket/Logic/Room.php on line 81 and defined in /swoole/App/Socket/Logic/Room.php:50
Stack trace:
#0 /swoole/App/Socket/Logic/Room.php(81): App\Socket\Logic\Room::setUserFdList(0, NULL)
#1 /swoole/App/Socket/Logic/Room.php(283): App\Socket\Logic\Room::deleteUserIdFdMapByFd(1)
#2 /swoole/vendor/easyswoole/easyswoole/src/Core/Swoole/EventHelper.php(164): App\Socket\Logic\Room::recyclingFd(1)
#3 /swoole/vendor/easyswoole/easyswoole/src/Core/Component/Invoker.php(71): EasySwoole\Core\Swoole\EventHelper::EasySwoole\Core\Swoole\{closure}(Object(Swoole\WebSocket\Server), 1, 1)
#4 /swoole/vendor/easyswoole/easyswoole/src/Core/Swoole/ServerManager.php(137): EasySwoole\Core\Component\Invoker::callUserFuncArray(Object(Closure), Array)
#5 {main}
  thrown]
18-08-15 14:25:19:Error at file[/swoole/vendor/topthink/think-orm/src/db/Builder.php] line[688] message:[Array to string conversion]
18-08-15 14:25:19:Error at file[/swoole/vendor/topthink/think-orm/src/db/Builder.php] line[688] message:[Array to string conversion]
18-08-15 14:25:20:Error at file[/swoole/vendor/topthink/think-orm/src/db/Builder.php] line[688] message:[Array to string conversion]
18-08-15 14:25:20:Error at file[/swoole/vendor/topthink/think-orm/src/db/Builder.php] line[688] message:[Array to string conversion]
18-08-15 14:30:27:Error at file[/swoole/App/Socket/Logic/Room.php] line[50] message:[Uncaught TypeError: Argument 2 passed to App\Socket\Logic\Room::setUserFdList() must be of the type array, null given, called in /swoole/App/Socket/Logic/Room.php on line 81 and defined in /swoole/App/Socket/Logic/Room.php:50
Stack trace:
#0 /swoole/App/Socket/Logic/Room.php(81): App\Socket\Logic\Room::setUserFdList(0, NULL)
#1 /swoole/App/Socket/Logic/Room.php(283): App\Socket\Logic\Room::deleteUserIdFdMapByFd(1)
#2 /swoole/vendor/easyswoole/easyswoole/src/Core/Swoole/EventHelper.php(164): App\Socket\Logic\Room::recyclingFd(1)
#3 /swoole/vendor/easyswoole/easyswoole/src/Core/Component/Invoker.php(71): EasySwoole\Core\Swoole\EventHelper::EasySwoole\Core\Swoole\{closure}(Object(Swoole\WebSocket\Server), 1, 1)
#4 /swoole/vendor/easyswoole/easyswoole/src/Core/Swoole/ServerManager.php(137): EasySwoole\Core\Component\Invoker::callUserFuncArray(Object(Closure), Array)
#5 {main}
  thrown]
18-08-15 14:33:43:Error at file[/swoole/vendor/topthink/think-orm/src/db/Builder.php] line[688] message:[Array to string conversion]
18-08-15 14:33:43:Error at file[/swoole/vendor/topthink/think-orm/src/db/Builder.php] line[688] message:[Array to string conversion]
18-08-15 14:42:42:Error at file[/swoole/App/Socket/Logic/Room.php] line[50] message:[Uncaught TypeError: Argument 2 passed to App\Socket\Logic\Room::setUserFdList() must be of the type array, null given, called in /swoole/App/Socket/Logic/Room.php on line 81 and defined in /swoole/App/Socket/Logic/Room.php:50
Stack trace:
#0 /swoole/App/Socket/Logic/Room.php(81): App\Socket\Logic\Room::setUserFdList(0, NULL)
#1 /swoole/App/Socket/Logic/Room.php(283): App\Socket\Logic\Room::deleteUserIdFdMapByFd(4)
#2 /swoole/vendor/easyswoole/easyswoole/src/Core/Swoole/EventHelper.php(164): App\Socket\Logic\Room::recyclingFd(4)
#3 /swoole/vendor/easyswoole/easyswoole/src/Core/Component/Invoker.php(71): EasySwoole\Core\Swoole\EventHelper::EasySwoole\Core\Swoole\{closure}(Object(Swoole\WebSocket\Server), 4, 1)
#4 /swoole/vendor/easyswoole/easyswoole/src/Core/Swoole/ServerManager.php(137): EasySwoole\Core\Component\Invoker::callUserFuncArray(Object(Closure), Array)
#5 {main}
  thrown]
18-08-15 14:55:51:Error at file[/swoole/App/Socket/Logic/Room.php] line[50] message:[Uncaught TypeError: Argument 2 passed to App\Socket\Logic\Room::setUserFdList() must be of the type array, null given, called in /swoole/App/Socket/Logic/Room.php on line 81 and defined in /swoole/App/Socket/Logic/Room.php:50
Stack trace:
#0 /swoole/App/Socket/Logic/Room.php(81): App\Socket\Logic\Room::setUserFdList(0, NULL)
#1 /swoole/App/Socket/Logic/Room.php(283): App\Socket\Logic\Room::deleteUserIdFdMapByFd(18)
#2 /swoole/vendor/easyswoole/easyswoole/src/Core/Swoole/EventHelper.php(164): App\Socket\Logic\Room::recyclingFd(18)
#3 /swoole/vendor/easyswoole/easyswoole/src/Core/Component/Invoker.php(71): EasySwoole\Core\Swoole\EventHelper::EasySwoole\Core\Swoole\{closure}(Object(Swoole\WebSocket\Server), 18, 0)
#4 /swoole/vendor/easyswoole/easyswoole/src/Core/Swoole/ServerManager.php(137): EasySwoole\Core\Component\Invoker::callUserFuncArray(Object(Closure), Array)
#5 {main}
  thrown]
18-08-15 14:57:49:Error at file[/swoole/App/Socket/Logic/Room.php] line[50] message:[Uncaught TypeError: Argument 2 passed to App\Socket\Logic\Room::setUserFdList() must be of the type array, null given, called in /swoole/App/Socket/Logic/Room.php on line 81 and defined in /swoole/App/Socket/Logic/Room.php:50
Stack trace:
#0 /swoole/App/Socket/Logic/Room.php(81): App\Socket\Logic\Room::setUserFdList(0, NULL)
#1 /swoole/App/Socket/Logic/Room.php(283): App\Socket\Logic\Room::deleteUserIdFdMapByFd(21)
#2 /swoole/vendor/easyswoole/easyswoole/src/Core/Swoole/EventHelper.php(164): App\Socket\Logic\Room::recyclingFd(21)
#3 /swoole/vendor/easyswoole/easyswoole/src/Core/Component/Invoker.php(71): EasySwoole\Core\Swoole\EventHelper::EasySwoole\Core\Swoole\{closure}(Object(Swoole\WebSocket\Server), 21, 1)
#4 /swoole/vendor/easyswoole/easyswoole/src/Core/Swoole/ServerManager.php(137): EasySwoole\Core\Component\Invoker::callUserFuncArray(Object(Closure), Array)
#5 {main}
  thrown]
18-08-15 14:59:25:Error at file[/swoole/App/Socket/Logic/Room.php] line[50] message:[Uncaught TypeError: Argument 2 passed to App\Socket\Logic\Room::setUserFdList() must be of the type array, null given, called in /swoole/App/Socket/Logic/Room.php on line 81 and defined in /swoole/App/Socket/Logic/Room.php:50
Stack trace:
#0 /swoole/App/Socket/Logic/Room.php(81): App\Socket\Logic\Room::setUserFdList(0, NULL)
#1 /swoole/App/Socket/Logic/Room.php(283): App\Socket\Logic\Room::deleteUserIdFdMapByFd(24)
#2 /swoole/vendor/easyswoole/easyswoole/src/Core/Swoole/EventHelper.php(164): App\Socket\Logic\Room::recyclingFd(24)
#3 /swoole/vendor/easyswoole/easyswoole/src/Core/Component/Invoker.php(71): EasySwoole\Core\Swoole\EventHelper::EasySwoole\Core\Swoole\{closure}(Object(Swoole\WebSocket\Server), 24, 0)
#4 /swoole/vendor/easyswoole/easyswoole/src/Core/Swoole/ServerManager.php(137): EasySwoole\Core\Component\Invoker::callUserFuncArray(Object(Closure), Array)
#5 {main}
  thrown]
18-08-15 15:00:09:Error at file[/swoole/App/Socket/Logic/Room.php] line[50] message:[Uncaught TypeError: Argument 2 passed to App\Socket\Logic\Room::setUserFdList() must be of the type array, null given, called in /swoole/App/Socket/Logic/Room.php on line 81 and defined in /swoole/App/Socket/Logic/Room.php:50
Stack trace:
#0 /swoole/App/Socket/Logic/Room.php(81): App\Socket\Logic\Room::setUserFdList(0, NULL)
#1 /swoole/App/Socket/Logic/Room.php(283): App\Socket\Logic\Room::deleteUserIdFdMapByFd(28)
#2 /swoole/vendor/easyswoole/easyswoole/src/Core/Swoole/EventHelper.php(164): App\Socket\Logic\Room::recyclingFd(28)
#3 /swoole/vendor/easyswoole/easyswoole/src/Core/Component/Invoker.php(71): EasySwoole\Core\Swoole\EventHelper::EasySwoole\Core\Swoole\{closure}(Object(Swoole\WebSocket\Server), 28, 1)
#4 /swoole/vendor/easyswoole/easyswoole/src/Core/Swoole/ServerManager.php(137): EasySwoole\Core\Component\Invoker::callUserFuncArray(Object(Closure), Array)
#5 {main}
  thrown]
18-08-15 15:01:01:Error at file[/swoole/App/Socket/Logic/Room.php] line[50] message:[Uncaught TypeError: Argument 2 passed to App\Socket\Logic\Room::setUserFdList() must be of the type array, null given, called in /swoole/App/Socket/Logic/Room.php on line 81 and defined in /swoole/App/Socket/Logic/Room.php:50
Stack trace:
#0 /swoole/App/Socket/Logic/Room.php(81): App\Socket\Logic\Room::setUserFdList(0, NULL)
#1 /swoole/App/Socket/Logic/Room.php(283): App\Socket\Logic\Room::deleteUserIdFdMapByFd(33)
#2 /swoole/vendor/easyswoole/easyswoole/src/Core/Swoole/EventHelper.php(164): App\Socket\Logic\Room::recyclingFd(33)
#3 /swoole/vendor/easyswoole/easyswoole/src/Core/Component/Invoker.php(71): EasySwoole\Core\Swoole\EventHelper::EasySwoole\Core\Swoole\{closure}(Object(Swoole\WebSocket\Server), 33, 0)
#4 /swoole/vendor/easyswoole/easyswoole/src/Core/Swoole/ServerManager.php(137): EasySwoole\Core\Component\Invoker::callUserFuncArray(Object(Closure), Array)
#5 {main}
  thrown]
18-08-15 15:01:46:Error at file[/swoole/App/Socket/Logic/Room.php] line[50] message:[Uncaught TypeError: Argument 2 passed to App\Socket\Logic\Room::setUserFdList() must be of the type array, null given, called in /swoole/App/Socket/Logic/Room.php on line 81 and defined in /swoole/App/Socket/Logic/Room.php:50
Stack trace:
#0 /swoole/App/Socket/Logic/Room.php(81): App\Socket\Logic\Room::setUserFdList(0, NULL)
#1 /swoole/App/Socket/Logic/Room.php(283): App\Socket\Logic\Room::deleteUserIdFdMapByFd(39)
#2 /swoole/vendor/easyswoole/easyswoole/src/Core/Swoole/EventHelper.php(164): App\Socket\Logic\Room::recyclingFd(39)
#3 /swoole/vendor/easyswoole/easyswoole/src/Core/Component/Invoker.php(71): EasySwoole\Core\Swoole\EventHelper::EasySwoole\Core\Swoole\{closure}(Object(Swoole\WebSocket\Server), 39, 1)
#4 /swoole/vendor/easyswoole/easyswoole/src/Core/Swoole/ServerManager.php(137): EasySwoole\Core\Component\Invoker::callUserFuncArray(Object(Closure), Array)
#5 {main}
  thrown]
18-08-15 15:02:16:Error at file[/swoole/App/Socket/Logic/Room.php] line[50] message:[Uncaught TypeError: Argument 2 passed to App\Socket\Logic\Room::setUserFdList() must be of the type array, null given, called in /swoole/App/Socket/Logic/Room.php on line 81 and defined in /swoole/App/Socket/Logic/Room.php:50
Stack trace:
#0 /swoole/App/Socket/Logic/Room.php(81): App\Socket\Logic\Room::setUserFdList(0, NULL)
#1 /swoole/App/Socket/Logic/Room.php(283): App\Socket\Logic\Room::deleteUserIdFdMapByFd(38)
#2 /swoole/vendor/easyswoole/easyswoole/src/Core/Swoole/EventHelper.php(164): App\Socket\Logic\Room::recyclingFd(38)
#3 /swoole/vendor/easyswoole/easyswoole/src/Core/Component/Invoker.php(71): EasySwoole\Core\Swoole\EventHelper::EasySwoole\Core\Swoole\{closure}(Object(Swoole\WebSocket\Server), 38, 1)
#4 /swoole/vendor/easyswoole/easyswoole/src/Core/Swoole/ServerManager.php(137): EasySwoole\Core\Component\Invoker::callUserFuncArray(Object(Closure), Array)
#5 {main}
  thrown]
18-08-15 15:04:37:Error at file[/swoole/App/Socket/Logic/Room.php] line[50] message:[Uncaught TypeError: Argument 2 passed to App\Socket\Logic\Room::setUserFdList() must be of the type array, null given, called in /swoole/App/Socket/Logic/Room.php on line 81 and defined in /swoole/App/Socket/Logic/Room.php:50
Stack trace:
#0 /swoole/App/Socket/Logic/Room.php(81): App\Socket\Logic\Room::setUserFdList(0, NULL)
#1 /swoole/App/Socket/Logic/Room.php(283): App\Socket\Logic\Room::deleteUserIdFdMapByFd(4)
#2 /swoole/vendor/easyswoole/easyswoole/src/Core/Swoole/EventHelper.php(164): App\Socket\Logic\Room::recyclingFd(4)
#3 /swoole/vendor/easyswoole/easyswoole/src/Core/Component/Invoker.php(71): EasySwoole\Core\Swoole\EventHelper::EasySwoole\Core\Swoole\{closure}(Object(Swoole\WebSocket\Server), 4, 1)
#4 /swoole/vendor/easyswoole/easyswoole/src/Core/Swoole/ServerManager.php(137): EasySwoole\Core\Component\Invoker::callUserFuncArray(Object(Closure), Array)
#5 {main}
  thrown]
18-08-15 15:07:01:Error at file[/swoole/App/Socket/Logic/Room.php] line[50] message:[Uncaught TypeError: Argument 2 passed to App\Socket\Logic\Room::setUserFdList() must be of the type array, null given, called in /swoole/App/Socket/Logic/Room.php on line 81 and defined in /swoole/App/Socket/Logic/Room.php:50
Stack trace:
#0 /swoole/App/Socket/Logic/Room.php(81): App\Socket\Logic\Room::setUserFdList(0, NULL)
#1 /swoole/App/Socket/Logic/Room.php(283): App\Socket\Logic\Room::deleteUserIdFdMapByFd(13)
#2 /swoole/vendor/easyswoole/easyswoole/src/Core/Swoole/EventHelper.php(164): App\Socket\Logic\Room::recyclingFd(13)
#3 /swoole/vendor/easyswoole/easyswoole/src/Core/Component/Invoker.php(71): EasySwoole\Core\Swoole\EventHelper::EasySwoole\Core\Swoole\{closure}(Object(Swoole\WebSocket\Server), 13, 1)
#4 /swoole/vendor/easyswoole/easyswoole/src/Core/Swoole/ServerManager.php(137): EasySwoole\Core\Component\Invoker::callUserFuncArray(Object(Closure), Array)
#5 {main}
  thrown]
18-08-15 15:07:46:Error at file[/swoole/App/Socket/Logic/Room.php] line[50] message:[Uncaught TypeError: Argument 2 passed to App\Socket\Logic\Room::setUserFdList() must be of the type array, null given, called in /swoole/App/Socket/Logic/Room.php on line 81 and defined in /swoole/App/Socket/Logic/Room.php:50
Stack trace:
#0 /swoole/App/Socket/Logic/Room.php(81): App\Socket\Logic\Room::setUserFdList(0, NULL)
#1 /swoole/App/Socket/Logic/Room.php(283): App\Socket\Logic\Room::deleteUserIdFdMapByFd(16)
#2 /swoole/vendor/easyswoole/easyswoole/src/Core/Swoole/EventHelper.php(164): App\Socket\Logic\Room::recyclingFd(16)
#3 /swoole/vendor/easyswoole/easyswoole/src/Core/Component/Invoker.php(71): EasySwoole\Core\Swoole\EventHelper::EasySwoole\Core\Swoole\{closure}(Object(Swoole\WebSocket\Server), 16, 0)
#4 /swoole/vendor/easyswoole/easyswoole/src/Core/Swoole/ServerManager.php(137): EasySwoole\Core\Component\Invoker::callUserFuncArray(Object(Closure), Array)
#5 {main}
  thrown]
18-08-15 15:08:40:Error at file[/swoole/App/Socket/Logic/Room.php] line[50] message:[Uncaught TypeError: Argument 2 passed to App\Socket\Logic\Room::setUserFdList() must be of the type array, null given, called in /swoole/App/Socket/Logic/Room.php on line 81 and defined in /swoole/App/Socket/Logic/Room.php:50
Stack trace:
#0 /swoole/App/Socket/Logic/Room.php(81): App\Socket\Logic\Room::setUserFdList(0, NULL)
#1 /swoole/App/Socket/Logic/Room.php(283): App\Socket\Logic\Room::deleteUserIdFdMapByFd(18)
#2 /swoole/vendor/easyswoole/easyswoole/src/Core/Swoole/EventHelper.php(164): App\Socket\Logic\Room::recyclingFd(18)
#3 /swoole/vendor/easyswoole/easyswoole/src/Core/Component/Invoker.php(71): EasySwoole\Core\Swoole\EventHelper::EasySwoole\Core\Swoole\{closure}(Object(Swoole\WebSocket\Server), 18, 1)
#4 /swoole/vendor/easyswoole/easyswoole/src/Core/Swoole/ServerManager.php(137): EasySwoole\Core\Component\Invoker::callUserFuncArray(Object(Closure), Array)
#5 {main}
  thrown]
18-08-15 15:10:02:Error at file[/swoole/App/Socket/Logic/Room.php] line[50] message:[Uncaught TypeError: Argument 2 passed to App\Socket\Logic\Room::setUserFdList() must be of the type array, null given, called in /swoole/App/Socket/Logic/Room.php on line 81 and defined in /swoole/App/Socket/Logic/Room.php:50
Stack trace:
#0 /swoole/App/Socket/Logic/Room.php(81): App\Socket\Logic\Room::setUserFdList(0, NULL)
#1 /swoole/App/Socket/Logic/Room.php(283): App\Socket\Logic\Room::deleteUserIdFdMapByFd(20)
#2 /swoole/vendor/easyswoole/easyswoole/src/Core/Swoole/EventHelper.php(164): App\Socket\Logic\Room::recyclingFd(20)
#3 /swoole/vendor/easyswoole/easyswoole/src/Core/Component/Invoker.php(71): EasySwoole\Core\Swoole\EventHelper::EasySwoole\Core\Swoole\{closure}(Object(Swoole\WebSocket\Server), 20, 0)
#4 /swoole/vendor/easyswoole/easyswoole/src/Core/Swoole/ServerManager.php(137): EasySwoole\Core\Component\Invoker::callUserFuncArray(Object(Closure), Array)
#5 {main}
  thrown]
18-08-15 15:10:11:Error at file[/swoole/App/Socket/Logic/Room.php] line[50] message:[Uncaught TypeError: Argument 2 passed to App\Socket\Logic\Room::setUserFdList() must be of the type array, null given, called in /swoole/App/Socket/Logic/Room.php on line 81 and defined in /swoole/App/Socket/Logic/Room.php:50
Stack trace:
#0 /swoole/App/Socket/Logic/Room.php(81): App\Socket\Logic\Room::setUserFdList(0, NULL)
#1 /swoole/App/Socket/Logic/Room.php(283): App\Socket\Logic\Room::deleteUserIdFdMapByFd(23)
#2 /swoole/vendor/easyswoole/easyswoole/src/Core/Swoole/EventHelper.php(164): App\Socket\Logic\Room::recyclingFd(23)
#3 /swoole/vendor/easyswoole/easyswoole/src/Core/Component/Invoker.php(71): EasySwoole\Core\Swoole\EventHelper::EasySwoole\Core\Swoole\{closure}(Object(Swoole\WebSocket\Server), 23, 1)
#4 /swoole/vendor/easyswoole/easyswoole/src/Core/Swoole/ServerManager.php(137): EasySwoole\Core\Component\Invoker::callUserFuncArray(Object(Closure), Array)
#5 {main}
  thrown]
18-08-15 15:10:11:Error at file[/swoole/App/Socket/Logic/Room.php] line[50] message:[Uncaught TypeError: Argument 2 passed to App\Socket\Logic\Room::setUserFdList() must be of the type array, null given, called in /swoole/App/Socket/Logic/Room.php on line 81 and defined in /swoole/App/Socket/Logic/Room.php:50
Stack trace:
#0 /swoole/App/Socket/Logic/Room.php(81): App\Socket\Logic\Room::setUserFdList(0, NULL)
#1 /swoole/App/Socket/Logic/Room.php(283): App\Socket\Logic\Room::deleteUserIdFdMapByFd(22)
#2 /swoole/vendor/easyswoole/easyswoole/src/Core/Swoole/EventHelper.php(164): App\Socket\Logic\Room::recyclingFd(22)
#3 /swoole/vendor/easyswoole/easyswoole/src/Core/Component/Invoker.php(71): EasySwoole\Core\Swoole\EventHelper::EasySwoole\Core\Swoole\{closure}(Object(Swoole\WebSocket\Server), 22, 0)
#4 /swoole/vendor/easyswoole/easyswoole/src/Core/Swoole/ServerManager.php(137): EasySwoole\Core\Component\Invoker::callUserFuncArray(Object(Closure), Array)
#5 {main}
  thrown]
18-08-15 15:10:47:Error at file[/swoole/App/Socket/Logic/Room.php] line[50] message:[Uncaught TypeError: Argument 2 passed to App\Socket\Logic\Room::setUserFdList() must be of the type array, null given, called in /swoole/App/Socket/Logic/Room.php on line 81 and defined in /swoole/App/Socket/Logic/Room.php:50
Stack trace:
#0 /swoole/App/Socket/Logic/Room.php(81): App\Socket\Logic\Room::setUserFdList(0, NULL)
#1 /swoole/App/Socket/Logic/Room.php(283): App\Socket\Logic\Room::deleteUserIdFdMapByFd(2)
#2 /swoole/vendor/easyswoole/easyswoole/src/Core/Swoole/EventHelper.php(164): App\Socket\Logic\Room::recyclingFd(2)
#3 /swoole/vendor/easyswoole/easyswoole/src/Core/Component/Invoker.php(71): EasySwoole\Core\Swoole\EventHelper::EasySwoole\Core\Swoole\{closure}(Object(Swoole\WebSocket\Server), 2, 0)
#4 /swoole/vendor/easyswoole/easyswoole/src/Core/Swoole/ServerManager.php(137): EasySwoole\Core\Component\Invoker::callUserFuncArray(Object(Closure), Array)
#5 {main}
  thrown]
18-08-15 15:11:32:Error at file[/swoole/App/Socket/Logic/Room.php] line[50] message:[Uncaught TypeError: Argument 2 passed to App\Socket\Logic\Room::setUserFdList() must be of the type array, null given, called in /swoole/App/Socket/Logic/Room.php on line 81 and defined in /swoole/App/Socket/Logic/Room.php:50
Stack trace:
#0 /swoole/App/Socket/Logic/Room.php(81): App\Socket\Logic\Room::setUserFdList(0, NULL)
#1 /swoole/App/Socket/Logic/Room.php(283): App\Socket\Logic\Room::deleteUserIdFdMapByFd(4)
#2 /swoole/vendor/easyswoole/easyswoole/src/Core/Swoole/EventHelper.php(164): App\Socket\Logic\Room::recyclingFd(4)
#3 /swoole/vendor/easyswoole/easyswoole/src/Core/Component/Invoker.php(71): EasySwoole\Core\Swoole\EventHelper::EasySwoole\Core\Swoole\{closure}(Object(Swoole\WebSocket\Server), 4, 1)
#4 /swoole/vendor/easyswoole/easyswoole/src/Core/Swoole/ServerManager.php(137): EasySwoole\Core\Component\Invoker::callUserFuncArray(Object(Closure), Array)
#5 {main}
  thrown]
18-08-15 15:11:32:Error at file[/swoole/App/Socket/Logic/Room.php] line[50] message:[Uncaught TypeError: Argument 2 passed to App\Socket\Logic\Room::setUserFdList() must be of the type array, null given, called in /swoole/App/Socket/Logic/Room.php on line 81 and defined in /swoole/App/Socket/Logic/Room.php:50
Stack trace:
#0 /swoole/App/Socket/Logic/Room.php(81): App\Socket\Logic\Room::setUserFdList(0, NULL)
#1 /swoole/App/Socket/Logic/Room.php(283): App\Socket\Logic\Room::deleteUserIdFdMapByFd(3)
#2 /swoole/vendor/easyswoole/easyswoole/src/Core/Swoole/EventHelper.php(164): App\Socket\Logic\Room::recyclingFd(3)
#3 /swoole/vendor/easyswoole/easyswoole/src/Core/Component/Invoker.php(71): EasySwoole\Core\Swoole\EventHelper::EasySwoole\Core\Swoole\{closure}(Object(Swoole\WebSocket\Server), 3, 1)
#4 /swoole/vendor/easyswoole/easyswoole/src/Core/Swoole/ServerManager.php(137): EasySwoole\Core\Component\Invoker::callUserFuncArray(Object(Closure), Array)
#5 {main}
  thrown]
18-08-15 15:12:09:Error at file[/swoole/App/Socket/Logic/Room.php] line[50] message:[Uncaught TypeError: Argument 2 passed to App\Socket\Logic\Room::setUserFdList() must be of the type array, null given, called in /swoole/App/Socket/Logic/Room.php on line 81 and defined in /swoole/App/Socket/Logic/Room.php:50
Stack trace:
#0 /swoole/App/Socket/Logic/Room.php(81): App\Socket\Logic\Room::setUserFdList(0, NULL)
#1 /swoole/App/Socket/Logic/Room.php(283): App\Socket\Logic\Room::deleteUserIdFdMapByFd(1)
#2 /swoole/vendor/easyswoole/easyswoole/src/Core/Swoole/EventHelper.php(164): App\Socket\Logic\Room::recyclingFd(1)
#3 /swoole/vendor/easyswoole/easyswoole/src/Core/Component/Invoker.php(71): EasySwoole\Core\Swoole\EventHelper::EasySwoole\Core\Swoole\{closure}(Object(Swoole\WebSocket\Server), 1, 1)
#4 /swoole/vendor/easyswoole/easyswoole/src/Core/Swoole/ServerManager.php(137): EasySwoole\Core\Component\Invoker::callUserFuncArray(Object(Closure), Array)
#5 {main}
  thrown]
18-08-15 15:12:34:Error at file[/swoole/App/Socket/Logic/Room.php] line[50] message:[Uncaught TypeError: Argument 2 passed to App\Socket\Logic\Room::setUserFdList() must be of the type array, null given, called in /swoole/App/Socket/Logic/Room.php on line 81 and defined in /swoole/App/Socket/Logic/Room.php:50
Stack trace:
#0 /swoole/App/Socket/Logic/Room.php(81): App\Socket\Logic\Room::setUserFdList(0, NULL)
#1 /swoole/App/Socket/Logic/Room.php(283): App\Socket\Logic\Room::deleteUserIdFdMapByFd(1)
#2 /swoole/vendor/easyswoole/easyswoole/src/Core/Swoole/EventHelper.php(164): App\Socket\Logic\Room::recyclingFd(1)
#3 /swoole/vendor/easyswoole/easyswoole/src/Core/Component/Invoker.php(71): EasySwoole\Core\Swoole\EventHelper::EasySwoole\Core\Swoole\{closure}(Object(Swoole\WebSocket\Server), 1, 1)
#4 /swoole/vendor/easyswoole/easyswoole/src/Core/Swoole/ServerManager.php(137): EasySwoole\Core\Component\Invoker::callUserFuncArray(Object(Closure), Array)
#5 {main}
  thrown]
18-08-15 15:13:37:Error at file[/swoole/App/Socket/Logic/Room.php] line[50] message:[Uncaught TypeError: Argument 2 passed to App\Socket\Logic\Room::setUserFdList() must be of the type array, null given, called in /swoole/App/Socket/Logic/Room.php on line 81 and defined in /swoole/App/Socket/Logic/Room.php:50
Stack trace:
#0 /swoole/App/Socket/Logic/Room.php(81): App\Socket\Logic\Room::setUserFdList(0, NULL)
#1 /swoole/App/Socket/Logic/Room.php(283): App\Socket\Logic\Room::deleteUserIdFdMapByFd(2)
#2 /swoole/vendor/easyswoole/easyswoole/src/Core/Swoole/EventHelper.php(164): App\Socket\Logic\Room::recyclingFd(2)
#3 /swoole/vendor/easyswoole/easyswoole/src/Core/Component/Invoker.php(71): EasySwoole\Core\Swoole\EventHelper::EasySwoole\Core\Swoole\{closure}(Object(Swoole\WebSocket\Server), 2, 0)
#4 /swoole/vendor/easyswoole/easyswoole/src/Core/Swoole/ServerManager.php(137): EasySwoole\Core\Component\Invoker::callUserFuncArray(Object(Closure), Array)
#5 {main}
  thrown]
18-08-15 15:13:41:Error at file[/swoole/App/Socket/Logic/Room.php] line[50] message:[Uncaught TypeError: Argument 2 passed to App\Socket\Logic\Room::setUserFdList() must be of the type array, null given, called in /swoole/App/Socket/Logic/Room.php on line 81 and defined in /swoole/App/Socket/Logic/Room.php:50
Stack trace:
#0 /swoole/App/Socket/Logic/Room.php(81): App\Socket\Logic\Room::setUserFdList(0, NULL)
#1 /swoole/App/Socket/Logic/Room.php(283): App\Socket\Logic\Room::deleteUserIdFdMapByFd(1)
#2 /swoole/vendor/easyswoole/easyswoole/src/Core/Swoole/EventHelper.php(164): App\Socket\Logic\Room::recyclingFd(1)
#3 /swoole/vendor/easyswoole/easyswoole/src/Core/Component/Invoker.php(71): EasySwoole\Core\Swoole\EventHelper::EasySwoole\Core\Swoole\{closure}(Object(Swoole\WebSocket\Server), 1, 1)
#4 /swoole/vendor/easyswoole/easyswoole/src/Core/Swoole/ServerManager.php(137): EasySwoole\Core\Component\Invoker::callUserFuncArray(Object(Closure), Array)
#5 {main}
  thrown]
18-08-15 15:13:50:Error at file[/swoole/App/Socket/Logic/Room.php] line[50] message:[Uncaught TypeError: Argument 2 passed to App\Socket\Logic\Room::setUserFdList() must be of the type array, null given, called in /swoole/App/Socket/Logic/Room.php on line 81 and defined in /swoole/App/Socket/Logic/Room.php:50
Stack trace:
#0 /swoole/App/Socket/Logic/Room.php(81): App\Socket\Logic\Room::setUserFdList(0, NULL)
#1 /swoole/App/Socket/Logic/Room.php(283): App\Socket\Logic\Room::deleteUserIdFdMapByFd(5)
#2 /swoole/vendor/easyswoole/easyswoole/src/Core/Swoole/EventHelper.php(164): App\Socket\Logic\Room::recyclingFd(5)
#3 /swoole/vendor/easyswoole/easyswoole/src/Core/Component/Invoker.php(71): EasySwoole\Core\Swoole\EventHelper::EasySwoole\Core\Swoole\{closure}(Object(Swoole\WebSocket\Server), 5, 0)
#4 /swoole/vendor/easyswoole/easyswoole/src/Core/Swoole/ServerManager.php(137): EasySwoole\Core\Component\Invoker::callUserFuncArray(Object(Closure), Array)
#5 {main}
  thrown]
18-08-16 18:14:08:Exception at file[/swoole/App/Socket/Controller/WebSocket/Room.php] line[44] message:[syntax error, unexpected ')']
18-08-16 18:21:04:Exception at file[/swoole/vendor/topthink/think-orm/src/db/Connection.php] line[672] message:[SQLSTATE[42S22]: Column not found: 1054 Unknown column 'id' in 'where clause']
18-08-16 18:29:01:Error at file[/swoole/App/Socket/Controller/WebSocket/Game.php] line[29] message:[Undefined variable: startTime]
18-08-16 18:29:09:Error at file[/swoole/App/Socket/Controller/WebSocket/Game.php] line[29] message:[Undefined variable: startTime]
18-08-17 09:58:18:Error at file[/swoole/vendor/easyswoole/easyswoole/src/Core/Swoole/ServerManager.php] line[119] message:[Uncaught Swoole\Exception: failed to listen server port[0.0.0.0:9501]. Error: Address already in use[98]. in /swoole/vendor/easyswoole/easyswoole/src/Core/Swoole/ServerManager.php:119
Stack trace:
#0 /swoole/vendor/easyswoole/easyswoole/src/Core/Swoole/ServerManager.php(119): Swoole\Server->__construct('0.0.0.0', 9501, 3, 1)
#1 /swoole/vendor/easyswoole/easyswoole/src/Core/Swoole/ServerManager.php(61): EasySwoole\Core\Swoole\ServerManager->createMainServer()
#2 /swoole/vendor/easyswoole/easyswoole/src/Core/Core.php(45): EasySwoole\Core\Swoole\ServerManager->start()
#3 /swoole/vendor/easyswoole/easyswoole/bin/easyswoole(321): EasySwoole\Core\Core->run()
#4 /swoole/vendor/easyswoole/easyswoole/bin/easyswoole(24): serverStart(Array)
#5 /swoole/vendor/easyswoole/easyswoole/bin/easyswoole(457): commandHandler()
#6 /swoole/easyswoole(2): require('/swoole/vendor/...')
#7 {main}
  thrown]
